<?xml version="1.0" encoding="UTF-8"?>
<testsuite name="io.kestra.plugin.servicenow.UpdateTest" tests="1" skipped="0" failures="0" errors="0" timestamp="2025-12-12T10:53:03.312Z" hostname="DESKTOP-GKTRN31" time="0.084">
  <properties/>
  <testcase name="update(WireMockRuntimeInfo)" classname="io.kestra.plugin.servicenow.UpdateTest" time="0.084"/>
  <system-out><![CDATA[]]></system-out>
  <system-err><![CDATA[11:53:03.620 ?[31mWARN ?[0;39m ?[35mTest worker ?[0;39m ?[36mo.e.jetty.util.DeprecationWarning?[0;39m Using @Deprecated Class org.eclipse.jetty.ee10.servlets.CrossOriginFilter
]]></system-err>
</testsuite>
