<?xml version="1.0" encoding="UTF-8"?>
<testsuite name="io.kestra.plugin.servicenow.DeleteTest" tests="1" skipped="0" failures="0" errors="0" timestamp="2025-12-12T10:52:59.568Z" hostname="DESKTOP-GKTRN31" time="1.776">
  <properties/>
  <testcase name="shouldDeleteWhenGivenValidInput(WireMockRuntimeInfo)" classname="io.kestra.plugin.servicenow.DeleteTest" time="1.776"/>
  <system-out><![CDATA[]]></system-out>
  <system-err><![CDATA[11:52:59.309 ?[31mWARN ?[0;39m ?[35mTest worker ?[0;39m ?[36mo.e.jetty.util.DeprecationWarning?[0;39m Using @Deprecated Class org.eclipse.jetty.ee10.servlets.CrossOriginFilter
]]></system-err>
</testsuite>
