<?xml version="1.0" encoding="UTF-8" standalone="yes"?><!DOCTYPE report PUBLIC "-//JACOCO//DTD Report 1.1//EN" "report.dtd"><report name="plugin-servicenow"><sessioninfo id="DESKTOP-GKTRN31-5153bd38" start="1765547264199" dump="1765547282534"/><package name="io/capgemini/plugin/servicenow"><class name="io/capgemini/plugin/servicenow/Post$Output" sourcefilename="Post.java"/><class name="io/capgemini/plugin/servicenow/Update$Output" sourcefilename="Update.java"/><class name="io/capgemini/plugin/servicenow/AbstractServiceNow" sourcefilename="AbstractServiceNow.java"><method name="baseUri" desc="(Lio/kestra/core/runners/RunContext;)Ljava/lang/String;" line="82"><counter type="INSTRUCTION" missed="10" covered="6"/><counter type="BRANCH" missed="1" covered="1"/><counter type="LINE" missed="1" covered="2"/><counter type="COMPLEXITY" missed="1" covered="1"/><counter type="METHOD" missed="0" covered="1"/></method><method name="token" desc="(Lio/kestra/core/runners/RunContext;)Ljava/lang/String;" line="89"><counter type="INSTRUCTION" missed="29" covered="92"/><counter type="BRANCH" missed="4" covered="4"/><counter type="LINE" missed="7" covered="18"/><counter type="COMPLEXITY" missed="4" covered="1"/><counter type="METHOD" missed="0" covered="1"/></method><method name="request" desc="(Lio/kestra/core/runners/RunContext;Lio/kestra/core/http/HttpRequest$HttpRequestBuilder;Ljava/lang/Class;)Lio/kestra/core/http/HttpResponse;" line="141"><counter type="INSTRUCTION" missed="47" covered="68"/><counter type="BRANCH" missed="5" covered="5"/><counter type="LINE" missed="13" covered="17"/><counter type="COMPLEXITY" missed="4" covered="2"/><counter type="METHOD" missed="0" covered="1"/></method><method name="appendQueryParams" desc="(Lio/kestra/core/runners/RunContext;Ljava/lang/String;Ljava/util/Map;)Ljava/lang/String;" line="184"><counter type="INSTRUCTION" missed="27" covered="20"/><counter type="BRANCH" missed="5" covered="3"/><counter type="LINE" missed="3" covered="5"/><counter type="COMPLEXITY" missed="4" covered="1"/><counter type="METHOD" missed="0" covered="1"/></method><method name="appendParams" desc="(Ljava/lang/StringBuilder;Lio/kestra/core/runners/RunContext;Ljava/util/Map;Z)Z" line="200"><counter type="INSTRUCTION" missed="60" covered="0"/><counter type="BRANCH" missed="6" covered="0"/><counter type="LINE" missed="10" covered="0"/><counter type="COMPLEXITY" missed="4" covered="0"/><counter type="METHOD" missed="1" covered="0"/></method><method name="appendQuery" desc="(Ljava/lang/StringBuilder;ZLjava/lang/String;Ljava/lang/String;)Z" line="216"><counter type="INSTRUCTION" missed="20" covered="0"/><counter type="BRANCH" missed="2" covered="0"/><counter type="LINE" missed="5" covered="0"/><counter type="COMPLEXITY" missed="2" covered="0"/><counter type="METHOD" missed="1" covered="0"/></method><method name="lambda$token$0" desc="(Lio/kestra/core/http/HttpRequest$HttpRequestBuilder;Lio/kestra/core/runners/RunContext;Ljava/lang/CharSequence;Ljava/lang/CharSequence;)V" line="113"><counter type="INSTRUCTION" missed="18" covered="0"/><counter type="LINE" missed="7" covered="0"/><counter type="COMPLEXITY" missed="1" covered="0"/><counter type="METHOD" missed="1" covered="0"/></method><method name="&lt;clinit&gt;" desc="()V" line="37"><counter type="INSTRUCTION" missed="0" covered="12"/><counter type="LINE" missed="0" covered="3"/><counter type="COMPLEXITY" missed="0" covered="1"/><counter type="METHOD" missed="0" covered="1"/></method><counter type="INSTRUCTION" missed="211" covered="198"/><counter type="BRANCH" missed="23" covered="13"/><counter type="LINE" missed="46" covered="45"/><counter type="COMPLEXITY" missed="20" covered="6"/><counter type="METHOD" missed="3" covered="5"/><counter type="CLASS" missed="0" covered="1"/></class><class name="io/capgemini/plugin/servicenow/Get$Output" sourcefilename="Get.java"/><class name="io/capgemini/plugin/servicenow/Update$UpdateBuilderImpl" sourcefilename="Update.java"/><class name="io/capgemini/plugin/servicenow/Post$PostBuilderImpl" sourcefilename="Post.java"/><class name="io/capgemini/plugin/servicenow/Delete" sourcefilename="Delete.java"><method name="run" desc="(Lio/kestra/core/runners/RunContext;)Lio/capgemini/plugin/servicenow/Delete$Output;" line="34"><counter type="INSTRUCTION" missed="1" covered="48"/><counter type="BRANCH" missed="1" covered="1"/><counter type="LINE" missed="0" covered="9"/><counter type="COMPLEXITY" missed="1" covered="1"/><counter type="METHOD" missed="0" covered="1"/></method><counter type="INSTRUCTION" missed="1" covered="48"/><counter type="BRANCH" missed="1" covered="1"/><counter type="LINE" missed="0" covered="9"/><counter type="COMPLEXITY" missed="1" covered="1"/><counter type="METHOD" missed="0" covered="1"/><counter type="CLASS" missed="0" covered="1"/></class><class name="io/capgemini/plugin/servicenow/Get$GetBuilderImpl" sourcefilename="Get.java"/><class name="io/capgemini/plugin/servicenow/Delete$Output$OutputBuilder" sourcefilename="Delete.java"/><class name="io/capgemini/plugin/servicenow/Update$UpdateResult" sourcefilename="Update.java"/><class name="io/capgemini/plugin/servicenow/Update" sourcefilename="Update.java"><method name="run" desc="(Lio/kestra/core/runners/RunContext;)Lio/capgemini/plugin/servicenow/Update$Output;" line="38"><counter type="INSTRUCTION" missed="0" covered="55"/><counter type="LINE" missed="0" covered="12"/><counter type="COMPLEXITY" missed="0" covered="1"/><counter type="METHOD" missed="0" covered="1"/></method><counter type="INSTRUCTION" missed="0" covered="55"/><counter type="LINE" missed="0" covered="12"/><counter type="COMPLEXITY" missed="0" covered="1"/><counter type="METHOD" missed="0" covered="1"/><counter type="CLASS" missed="0" covered="1"/></class><class name="io/capgemini/plugin/servicenow/Update$UpdateBuilder" sourcefilename="Update.java"/><class name="io/capgemini/plugin/servicenow/Get$GetResult" sourcefilename="Get.java"/><class name="io/capgemini/plugin/servicenow/Post$PostResult" sourcefilename="Post.java"/><class name="io/capgemini/plugin/servicenow/Get$Output$OutputBuilder" sourcefilename="Get.java"/><class name="io/capgemini/plugin/servicenow/Get" sourcefilename="Get.java"><method name="run" desc="(Lio/kestra/core/runners/RunContext;)Lio/capgemini/plugin/servicenow/Get$Output;" line="80"><counter type="INSTRUCTION" missed="7" covered="57"/><counter type="BRANCH" missed="1" covered="1"/><counter type="LINE" missed="1" covered="14"/><counter type="COMPLEXITY" missed="1" covered="1"/><counter type="METHOD" missed="0" covered="1"/></method><counter type="INSTRUCTION" missed="7" covered="57"/><counter type="BRANCH" missed="1" covered="1"/><counter type="LINE" missed="1" covered="14"/><counter type="COMPLEXITY" missed="1" covered="1"/><counter type="METHOD" missed="0" covered="1"/><counter type="CLASS" missed="0" covered="1"/></class><class name="io/capgemini/plugin/servicenow/Delete$Output" sourcefilename="Delete.java"/><class name="io/capgemini/plugin/servicenow/Update$Output$OutputBuilder" sourcefilename="Update.java"/><class name="io/capgemini/plugin/servicenow/Get$GetBuilder" sourcefilename="Get.java"/><class name="io/capgemini/plugin/servicenow/Post$PostBuilder" sourcefilename="Post.java"/><class name="io/capgemini/plugin/servicenow/AbstractServiceNow$AbstractServiceNowBuilder" sourcefilename="AbstractServiceNow.java"/><class name="io/capgemini/plugin/servicenow/Delete$DeleteBuilderImpl" sourcefilename="Delete.java"/><class name="io/capgemini/plugin/servicenow/Delete$DeleteBuilder" sourcefilename="Delete.java"/><class name="io/capgemini/plugin/servicenow/Post$Output$OutputBuilder" sourcefilename="Post.java"/><class name="io/capgemini/plugin/servicenow/Post" sourcefilename="Post.java"><method name="run" desc="(Lio/kestra/core/runners/RunContext;)Lio/capgemini/plugin/servicenow/Post$Output;" line="90"><counter type="INSTRUCTION" missed="7" covered="54"/><counter type="BRANCH" missed="1" covered="1"/><counter type="LINE" missed="1" covered="13"/><counter type="COMPLEXITY" missed="1" covered="1"/><counter type="METHOD" missed="0" covered="1"/></method><counter type="INSTRUCTION" missed="7" covered="54"/><counter type="BRANCH" missed="1" covered="1"/><counter type="LINE" missed="1" covered="13"/><counter type="COMPLEXITY" missed="1" covered="1"/><counter type="METHOD" missed="0" covered="1"/><counter type="CLASS" missed="0" covered="1"/></class><sourcefile name="AbstractServiceNow.java"><line nr="37" mi="0" ci="6" mb="0" cb="0"/><line nr="38" mi="0" ci="4" mb="0" cb="0"/><line nr="39" mi="0" ci="2" mb="0" cb="0"/><line nr="82" mi="0" ci="3" mb="1" cb="1"/><line nr="83" mi="0" ci="3" mb="0" cb="0"/><line nr="85" mi="10" ci="0" mb="0" cb="0"/><line nr="89" mi="0" ci="3" mb="1" cb="1"/><line nr="90" mi="3" ci="0" mb="0" cb="0"/><line nr="93" mi="0" ci="6" mb="0" cb="0"/><line nr="95" mi="0" ci="8" mb="0" cb="0"/><line nr="97" mi="0" ci="8" mb="0" cb="0"/><line nr="98" mi="0" ci="8" mb="0" cb="0"/><line nr="99" mi="0" ci="8" mb="0" cb="0"/><line nr="100" mi="0" ci="4" mb="0" cb="0"/><line nr="103" mi="0" ci="2" mb="0" cb="0"/><line nr="104" mi="0" ci="2" mb="0" cb="0"/><line nr="105" mi="0" ci="1" mb="0" cb="0"/><line nr="106" mi="0" ci="6" mb="0" cb="0"/><line nr="108" mi="0" ci="3" mb="1" cb="1"/><line nr="109" mi="6" ci="0" mb="0" cb="0"/><line nr="110" mi="5" ci="0" mb="0" cb="0"/><line nr="111" mi="1" ci="0" mb="0" cb="0"/><line nr="113" mi="4" ci="0" mb="0" cb="0"/><line nr="114" mi="3" ci="0" mb="0" cb="0"/><line nr="115" mi="2" ci="0" mb="0" cb="0"/><line nr="117" mi="1" ci="0" mb="0" cb="0"/><line nr="118" mi="6" ci="0" mb="0" cb="0"/><line nr="119" mi="1" ci="0" mb="0" cb="0"/><line nr="120" mi="1" ci="0" mb="0" cb="0"/><line nr="123" mi="0" ci="7" mb="0" cb="0"/><line nr="124" mi="0" ci="5" mb="0" cb="0"/><line nr="126" mi="0" ci="4" mb="0" cb="0"/><line nr="127" mi="0" ci="6" mb="2" cb="2"/><line nr="128" mi="7" ci="0" mb="0" cb="0"/><line nr="130" mi="0" ci="6" mb="0" cb="0"/><line nr="131" mi="0" ci="5" mb="0" cb="0"/><line nr="132" mi="1" ci="0" mb="0" cb="0"/><line nr="133" mi="6" ci="0" mb="0" cb="0"/><line nr="141" mi="0" ci="3" mb="0" cb="0"/><line nr="142" mi="0" ci="1" mb="0" cb="0"/><line nr="143" mi="0" ci="2" mb="0" cb="0"/><line nr="145" mi="0" ci="3" mb="1" cb="1"/><line nr="146" mi="0" ci="9" mb="0" cb="0"/><line nr="148" mi="9" ci="0" mb="2" cb="0"/><line nr="149" mi="3" ci="0" mb="0" cb="0"/><line nr="150" mi="3" ci="0" mb="0" cb="0"/><line nr="151" mi="3" ci="0" mb="0" cb="0"/><line nr="152" mi="2" ci="0" mb="0" cb="0"/><line nr="153" mi="2" ci="0" mb="0" cb="0"/><line nr="156" mi="0" ci="3" mb="0" cb="0"/><line nr="157" mi="0" ci="7" mb="0" cb="0"/><line nr="158" mi="0" ci="5" mb="0" cb="0"/><line nr="159" mi="0" ci="2" mb="0" cb="0"/><line nr="160" mi="0" ci="11" mb="2" cb="4"/><line nr="161" mi="0" ci="7" mb="0" cb="0"/><line nr="164" mi="0" ci="4" mb="0" cb="0"/><line nr="165" mi="0" ci="2" mb="0" cb="0"/><line nr="166" mi="0" ci="2" mb="0" cb="0"/><line nr="167" mi="0" ci="3" mb="0" cb="0"/><line nr="168" mi="0" ci="2" mb="0" cb="0"/><line nr="169" mi="0" ci="2" mb="0" cb="0"/><line nr="170" mi="1" ci="0" mb="0" cb="0"/><line nr="171" mi="3" ci="0" mb="0" cb="0"/><line nr="172" mi="6" ci="0" mb="0" cb="0"/><line nr="173" mi="5" ci="0" mb="0" cb="0"/><line nr="174" mi="3" ci="0" mb="0" cb="0"/><line nr="176" mi="1" ci="0" mb="0" cb="0"/><line nr="177" mi="6" ci="0" mb="0" cb="0"/><line nr="184" mi="0" ci="5" mb="0" cb="0"/><line nr="185" mi="1" ci="7" mb="1" cb="1"/><line nr="186" mi="0" ci="3" mb="1" cb="1"/><line nr="187" mi="9" ci="0" mb="0" cb="0"/><line nr="188" mi="7" ci="0" mb="0" cb="0"/><line nr="190" mi="3" ci="2" mb="3" cb="1"/><line nr="191" mi="7" ci="0" mb="0" cb="0"/><line nr="193" mi="0" ci="3" mb="0" cb="0"/><line nr="200" mi="11" ci="0" mb="2" cb="0"/><line nr="201" mi="6" ci="0" mb="0" cb="0"/><line nr="202" mi="3" ci="0" mb="0" cb="0"/><line nr="204" mi="6" ci="0" mb="2" cb="0"/><line nr="205" mi="9" ci="0" mb="2" cb="0"/><line nr="206" mi="10" ci="0" mb="0" cb="0"/><line nr="207" mi="2" ci="0" mb="0" cb="0"/><line nr="209" mi="10" ci="0" mb="0" cb="0"/><line nr="211" mi="1" ci="0" mb="0" cb="0"/><line nr="212" mi="2" ci="0" mb="0" cb="0"/><line nr="216" mi="9" ci="0" mb="2" cb="0"/><line nr="217" mi="3" ci="0" mb="0" cb="0"/><line nr="218" mi="3" ci="0" mb="0" cb="0"/><line nr="219" mi="3" ci="0" mb="0" cb="0"/><line nr="220" mi="2" ci="0" mb="0" cb="0"/><counter type="INSTRUCTION" missed="211" covered="198"/><counter type="BRANCH" missed="23" covered="13"/><counter type="LINE" missed="46" covered="45"/><counter type="COMPLEXITY" missed="20" covered="6"/><counter type="METHOD" missed="3" covered="5"/><counter type="CLASS" missed="0" covered="1"/></sourcefile><sourcefile name="Post.java"><line nr="90" mi="0" ci="3" mb="0" cb="0"/><line nr="92" mi="0" ci="3" mb="0" cb="0"/><line nr="93" mi="0" ci="13" mb="0" cb="0"/><line nr="94" mi="0" ci="1" mb="0" cb="0"/><line nr="95" mi="0" ci="6" mb="0" cb="0"/><line nr="96" mi="0" ci="5" mb="0" cb="0"/><line nr="97" mi="0" ci="1" mb="0" cb="0"/><line nr="99" mi="0" ci="6" mb="0" cb="0"/><line nr="101" mi="0" ci="3" mb="1" cb="1"/><line nr="102" mi="7" ci="0" mb="0" cb="0"/><line nr="105" mi="0" ci="5" mb="0" cb="0"/><line nr="108" mi="0" ci="3" mb="0" cb="0"/><line nr="109" mi="0" ci="4" mb="0" cb="0"/><line nr="110" mi="0" ci="1" mb="0" cb="0"/><counter type="INSTRUCTION" missed="7" covered="54"/><counter type="BRANCH" missed="1" covered="1"/><counter type="LINE" missed="1" covered="13"/><counter type="COMPLEXITY" missed="1" covered="1"/><counter type="METHOD" missed="0" covered="1"/><counter type="CLASS" missed="0" covered="1"/></sourcefile><sourcefile name="Get.java"><line nr="80" mi="0" ci="3" mb="0" cb="0"/><line nr="82" mi="0" ci="13" mb="0" cb="0"/><line nr="83" mi="0" ci="6" mb="0" cb="0"/><line nr="85" mi="0" ci="2" mb="0" cb="0"/><line nr="86" mi="0" ci="3" mb="0" cb="0"/><line nr="87" mi="0" ci="2" mb="0" cb="0"/><line nr="89" mi="0" ci="6" mb="0" cb="0"/><line nr="91" mi="0" ci="3" mb="1" cb="1"/><line nr="92" mi="7" ci="0" mb="0" cb="0"/><line nr="95" mi="0" ci="5" mb="0" cb="0"/><line nr="97" mi="0" ci="5" mb="0" cb="0"/><line nr="99" mi="0" ci="3" mb="0" cb="0"/><line nr="100" mi="0" ci="2" mb="0" cb="0"/><line nr="101" mi="0" ci="3" mb="0" cb="0"/><line nr="102" mi="0" ci="1" mb="0" cb="0"/><counter type="INSTRUCTION" missed="7" covered="57"/><counter type="BRANCH" missed="1" covered="1"/><counter type="LINE" missed="1" covered="14"/><counter type="COMPLEXITY" missed="1" covered="1"/><counter type="METHOD" missed="0" covered="1"/><counter type="CLASS" missed="0" covered="1"/></sourcefile><sourcefile name="Delete.java"><line nr="34" mi="0" ci="9" mb="0" cb="0"/><line nr="35" mi="0" ci="9" mb="0" cb="0"/><line nr="37" mi="0" ci="3" mb="0" cb="0"/><line nr="38" mi="0" ci="7" mb="0" cb="0"/><line nr="39" mi="0" ci="2" mb="0" cb="0"/><line nr="41" mi="0" ci="6" mb="0" cb="0"/><line nr="43" mi="0" ci="3" mb="0" cb="0"/><line nr="44" mi="1" ci="8" mb="1" cb="1"/><line nr="45" mi="0" ci="1" mb="0" cb="0"/><counter type="INSTRUCTION" missed="1" covered="48"/><counter type="BRANCH" missed="1" covered="1"/><counter type="LINE" missed="0" covered="9"/><counter type="COMPLEXITY" missed="1" covered="1"/><counter type="METHOD" missed="0" covered="1"/><counter type="CLASS" missed="0" covered="1"/></sourcefile><sourcefile name="Update.java"><line nr="38" mi="0" ci="9" mb="0" cb="0"/><line nr="39" mi="0" ci="9" mb="0" cb="0"/><line nr="41" mi="0" ci="3" mb="0" cb="0"/><line nr="42" mi="0" ci="7" mb="0" cb="0"/><line nr="43" mi="0" ci="1" mb="0" cb="0"/><line nr="44" mi="0" ci="6" mb="0" cb="0"/><line nr="45" mi="0" ci="5" mb="0" cb="0"/><line nr="46" mi="0" ci="1" mb="0" cb="0"/><line nr="48" mi="0" ci="6" mb="0" cb="0"/><line nr="50" mi="0" ci="3" mb="0" cb="0"/><line nr="51" mi="0" ci="4" mb="0" cb="0"/><line nr="52" mi="0" ci="1" mb="0" cb="0"/><counter type="INSTRUCTION" missed="0" covered="55"/><counter type="LINE" missed="0" covered="12"/><counter type="COMPLEXITY" missed="0" covered="1"/><counter type="METHOD" missed="0" covered="1"/><counter type="CLASS" missed="0" covered="1"/></sourcefile><counter type="INSTRUCTION" missed="226" covered="412"/><counter type="BRANCH" missed="26" covered="16"/><counter type="LINE" missed="48" covered="93"/><counter type="COMPLEXITY" missed="23" covered="10"/><counter type="METHOD" missed="3" covered="9"/><counter type="CLASS" missed="0" covered="5"/></package><counter type="INSTRUCTION" missed="226" covered="412"/><counter type="BRANCH" missed="26" covered="16"/><counter type="LINE" missed="48" covered="93"/><counter type="COMPLEXITY" missed="23" covered="10"/><counter type="METHOD" missed="3" covered="9"/><counter type="CLASS" missed="0" covered="5"/></report>